<?xml version="1.0" encoding="utf-8"?><testsuites name="pytest tests"><testsuite name="pytest" errors="0" failures="0" skipped="0" tests="11" time="147.603" timestamp="2026-09-19T12:54:59.393716+00:00" hostname="agent-env-a1aad1a4-ca29-410b-a28e-706bb62ce722"><testcase classname="tests.test_minepx_api.TestPublicEndpoints" name="test_health_endpoint" time="0.229" /><testcase classname="tests.test_minepx_api.TestSessionAndAgentAuth" name="test_agent_requires_bearer" time="0.360" /><testcase classname="tests.test_minepx_api.TestPublicEndpoints" name="test_world_is_public_and_has_crew_bots" time="0.128" /><testcase classname="tests.test_minepx_api.TestPublicEndpoints" name="test_journal_limit_and_filter" time="0.183" /><testcase classname="tests.test_minepx_api.TestSessionAndAgentAuth" name="test_create_agent_name_validation" time="0.445" /><testcase classname="tests.test_minepx_api.TestPublicEndpoints" name="test_rewards_status_and_claim_conflict" time="0.204" /><testcase classname="tests.test_minepx_api.TestAgentProgressionAndPersistence" name="test_start_pause_resume_flow" time="13.477" /><testcase classname="tests.test_minepx_api.TestSessionAndAgentAuth" name="test_duplicate_agent_same_session_conflicts" time="0.343" /><testcase classname="tests.test_minepx_api.TestSessionAndAgentAuth" name="test_session_isolation_between_two_tokens" time="0.486" /><testcase classname="tests.test_minepx_api.TestAgentProgressionAndPersistence" name="test_progress_continues_when_unpolled" time="22.422" /><testcase classname="tests.test_minepx_api.TestAgentProgressionAndPersistence" name="test_cycle_unlocks_pyrite_and_event_ids_are_unique" time="110.523" /></testsuite></testsuites>