<?xml version="1.0" encoding="utf-8"?><testsuites name="pytest tests"><testsuite name="pytest" errors="0" failures="0" skipped="0" tests="8" time="1.728" timestamp="2026-09-19T13:54:09.971123+00:00" hostname="agent-env-a1aad1a4-ca29-410b-a28e-706bb62ce722"><testcase classname="tests.test_strategy_contest_engine_edges" name="test_rewards_public_contract_has_finances_key" time="0.151" /><testcase classname="tests.test_strategy_contest_engine_edges" name="test_exactly_600_actions_freeze_contest_but_mining_continues_without_duplication" time="0.146" /><testcase classname="tests.test_strategy_contest_engine_edges" name="test_strategy_save_keeps_earned_totals_and_changed_rules_affect_future_decisions" time="0.132" /><testcase classname="tests.test_strategy_contest_engine_edges" name="test_expired_contest_closes_for_paused_and_active_without_new_due_tick" time="0.082" /><testcase classname="tests.test_strategy_contest_engine_edges" name="test_reentry_conflict_then_new_season_entry_archives_previous_and_preserves_lifetime" time="0.077" /><testcase classname="tests.test_strategy_contest_engine_edges" name="test_leaderboard_tie_ordering_score_delivered_actions_then_entry_time" time="0.067" /><testcase classname="tests.test_strategy_contest_engine_edges" name="test_nested_groups_first_match_enabled_false_safety_and_no_point_farming" time="0.000" /><testcase classname="tests.test_strategy_contest_engine_edges" name="test_depth_milestone_not_farmable_and_preset_variants_diverge" time="0.005" /></testsuite></testsuites>